<?xml version="1.0" encoding="UTF-8"?>
<!-- Generated by org.testng.reporters.JUnitXMLReporter -->
<testsuite ignored="6" hostname="DESKTOP-UFSBQ3O" failures="0" tests="2" name="Test" time="7.827" errors="0" timestamp="2026-06-10T16:02:29 IST">
  <testcase classname="testng.L_TestNG_TCs_Groups" name="swiggy" time="1.469"/>
  <testcase classname="testng.L_TestNG_TCs_Groups" name="zomato" time="1.34"/>
  <testcase classname="testng.L_TestNG_TCs_Groups" name="google" time="0.0">
    <ignored/>
  </testcase> <!-- google -->
  <testcase classname="testng.L_TestNG_TCs_Groups" name="selenium" time="0.0">
    <ignored/>
  </testcase> <!-- selenium -->
  <testcase classname="testng.L_TestNG_TCs_Groups" name="x" time="0.0">
    <ignored/>
  </testcase> <!-- x -->
  <testcase classname="testng.L_TestNG_TCs_Groups" name="redmine" time="0.0">
    <ignored/>
  </testcase> <!-- redmine -->
  <testcase classname="testng.L_TestNG_TCs_Groups" name="facebook" time="0.0">
    <ignored/>
  </testcase> <!-- facebook -->
  <testcase classname="testng.L_TestNG_TCs_Groups" name="chatgpt" time="0.0">
    <ignored/>
  </testcase> <!-- chatgpt -->
</testsuite> <!-- Test -->
