<?xml version="1.0" encoding="UTF-8"?>
<!-- Generated by org.testng.reporters.JUnitReportReporter -->
<testsuite hostname="DESKTOP-UFSBQ3O" failures="0" tests="9" name="testng.K_TestNG_TCs_RunnigAllPograms_from_TestNG_Suite_XML_File" time="20.418" errors="0" timestamp="2026-06-10T15:27:24 IST" skipped="0">
  <testcase classname="testng.K_TestNG_TCs_RunnigAllPograms_from_TestNG_Suite_XML_File" name="facebook" time="2.041"/>
  <testcase classname="testng.K_TestNG_TCs_RunnigAllPograms_from_TestNG_Suite_XML_File" name="twitter" time="7.261"/>
  <testcase classname="testng.K_TestNG_TCs_RunnigAllPograms_from_TestNG_Suite_XML_File" name="google" time="1.114"/>
  <testcase classname="testng.K_TestNG_TCs_RunnigAllPograms_from_TestNG_Suite_XML_File" name="chatgpt" time="2.354"/>
  <testcase classname="testng.K_TestNG_TCs_RunnigAllPograms_from_TestNG_Suite_XML_File" name="swiggy" time="1.248"/>
  <testcase classname="testng.K_TestNG_TCs_RunnigAllPograms_from_TestNG_Suite_XML_File" name="redmine" time="2.845"/>
  <testcase classname="testng.K_TestNG_TCs_RunnigAllPograms_from_TestNG_Suite_XML_File" name="bugzilla" time="1.273"/>
  <testcase classname="testng.K_TestNG_TCs_RunnigAllPograms_from_TestNG_Suite_XML_File" name="selenium" time="1.209"/>
  <testcase classname="testng.K_TestNG_TCs_RunnigAllPograms_from_TestNG_Suite_XML_File" name="zomato" time="1.073"/>
</testsuite> <!-- testng.K_TestNG_TCs_RunnigAllPograms_from_TestNG_Suite_XML_File -->
