<?xml version="1.0" encoding="UTF-8"?>
<!-- Generated by org.testng.reporters.JUnitReportReporter -->
<testsuite hostname="DESKTOP-UFSBQ3O" failures="0" tests="9" name="testng.K_TestNG_TCs_Run_from_TestNG_Suite_XML_File_Exclude" time="24.626" errors="0" timestamp="2026-06-09T15:29:52 IST" skipped="0">
  <testcase classname="testng.K_TestNG_TCs_Run_from_TestNG_Suite_XML_File_Exclude" name="selenium" time="0.987"/>
  <testcase classname="testng.K_TestNG_TCs_Run_from_TestNG_Suite_XML_File_Exclude" name="zomato" time="1.525"/>
  <testcase classname="testng.K_TestNG_TCs_Run_from_TestNG_Suite_XML_File_Exclude" name="google" time="1.184"/>
  <testcase classname="testng.K_TestNG_TCs_Run_from_TestNG_Suite_XML_File_Exclude" name="swiggy" time="1.424"/>
  <testcase classname="testng.K_TestNG_TCs_Run_from_TestNG_Suite_XML_File_Exclude" name="twitter" time="8.049"/>
  <testcase classname="testng.K_TestNG_TCs_Run_from_TestNG_Suite_XML_File_Exclude" name="redmine" time="4.501"/>
  <testcase classname="testng.K_TestNG_TCs_Run_from_TestNG_Suite_XML_File_Exclude" name="chatgpt" time="3.584"/>
  <testcase classname="testng.K_TestNG_TCs_Run_from_TestNG_Suite_XML_File_Exclude" name="facebook" time="1.546"/>
  <testcase classname="testng.K_TestNG_TCs_Run_from_TestNG_Suite_XML_File_Exclude" name="bugzilla" time="1.826"/>
</testsuite> <!-- testng.K_TestNG_TCs_Run_from_TestNG_Suite_XML_File_Exclude -->
