<?xml version="1.0" encoding="UTF-8"?>
<!-- Generated by org.testng.reporters.JUnitReportReporter -->
<testsuite hostname="DESKTOP-UFSBQ3O" failures="0" tests="8" name="testng.G_TestNG_Description_Feature" time="34.071" errors="0" timestamp="2026-06-09T12:04:44 IST" skipped="0">
  <testcase classname="testng.G_TestNG_Description_Feature" name="tc2" time="3.783"/>
  <testcase classname="testng.G_TestNG_Description_Feature" name="tc5" time="1.326"/>
  <testcase classname="testng.G_TestNG_Description_Feature" name="tc8" time="1.717"/>
  <testcase classname="testng.G_TestNG_Description_Feature" name="tc1" time="1.133"/>
  <testcase classname="testng.G_TestNG_Description_Feature" name="tc3" time="6.856"/>
  <testcase classname="testng.G_TestNG_Description_Feature" name="tc7" time="10.860"/>
  <testcase classname="testng.G_TestNG_Description_Feature" name="tc6" time="7.327"/>
  <testcase classname="testng.G_TestNG_Description_Feature" name="tc4" time="1.069"/>
</testsuite> <!-- testng.G_TestNG_Description_Feature -->
