<?xml version="1.0" encoding="UTF-8"?>
<!-- Generated by org.testng.reporters.JUnitReportReporter -->
<testsuite hostname="DESKTOP-UFSBQ3O" failures="0" tests="6" name="testng.D_TestNG_TCs_Priority_Order" time="27.840" errors="0" timestamp="2026-06-08T14:05:37 IST" skipped="0">
  <testcase classname="testng.D_TestNG_TCs_Priority_Order" name="twitter" time="17.508"/>
  <testcase classname="testng.D_TestNG_TCs_Priority_Order" name="facebook" time="2.040"/>
  <testcase classname="testng.D_TestNG_TCs_Priority_Order" name="zomato" time="1.421"/>
  <testcase classname="testng.D_TestNG_TCs_Priority_Order" name="google" time="1.858"/>
  <testcase classname="testng.D_TestNG_TCs_Priority_Order" name="swiggy" time="1.779"/>
  <testcase classname="testng.D_TestNG_TCs_Priority_Order" name="selenium" time="3.234"/>
</testsuite> <!-- testng.D_TestNG_TCs_Priority_Order -->
