<?xml version="1.0" encoding="UTF-8"?>
<!-- Generated by org.testng.reporters.JUnitReportReporter -->
<testsuite hostname="DESKTOP-UFSBQ3O" failures="0" tests="8" name="testng.K_TestNG_TCs_Run_from_TestNG_Suite_XML_File" time="18.168" errors="0" timestamp="2026-06-10T15:03:06 IST" skipped="0">
  <testcase classname="testng.K_TestNG_TCs_Run_from_TestNG_Suite_XML_File" name="swiggy" time="1.365"/>
  <testcase classname="testng.K_TestNG_TCs_Run_from_TestNG_Suite_XML_File" name="twitter" time="1.468"/>
  <testcase classname="testng.K_TestNG_TCs_Run_from_TestNG_Suite_XML_File" name="chatgpt" time="2.614"/>
  <testcase classname="testng.K_TestNG_TCs_Run_from_TestNG_Suite_XML_File" name="redmine" time="3.059"/>
  <testcase classname="testng.K_TestNG_TCs_Run_from_TestNG_Suite_XML_File" name="google" time="1.083"/>
  <testcase classname="testng.K_TestNG_TCs_Run_from_TestNG_Suite_XML_File" name="facebook" time="1.926"/>
  <testcase classname="testng.K_TestNG_TCs_Run_from_TestNG_Suite_XML_File" name="bugzilla" time="1.358"/>
  <testcase classname="testng.K_TestNG_TCs_Run_from_TestNG_Suite_XML_File" name="zomato" time="5.295"/>
</testsuite> <!-- testng.K_TestNG_TCs_Run_from_TestNG_Suite_XML_File -->
