<?xml version="1.0" encoding="UTF-8"?>
<!-- Generated by org.testng.reporters.JUnitReportReporter -->
<testsuite hostname="DESKTOP-UFSBQ3O" failures="0" tests="6" name="testng.J_TestNG_Invocation_Count" time="23.007" errors="0" timestamp="2026-06-10T15:31:48 IST" skipped="0">
  <testcase classname="testng.J_TestNG_Invocation_Count" name="baalabharathi" time="7.427"/>
  <testcase classname="testng.J_TestNG_Invocation_Count" name="baalabharathi" time="2.286"/>
  <testcase classname="testng.J_TestNG_Invocation_Count" name="baalabharathi" time="3.225"/>
  <testcase classname="testng.J_TestNG_Invocation_Count" name="baalabharathi" time="2.452"/>
  <testcase classname="testng.J_TestNG_Invocation_Count" name="baalabharathi" time="2.308"/>
  <testcase classname="testng.J_TestNG_Invocation_Count" name="techlearn" time="5.309"/>
</testsuite> <!-- testng.J_TestNG_Invocation_Count -->
