<?xml version="1.0" encoding="UTF-8"?>
<!-- Generated by org.testng.reporters.JUnitReportReporter -->
<testsuite hostname="DESKTOP-UFSBQ3O" failures="0" tests="6" name="testng.C_TestNG_TCs_Execution_By_Alphabatical_Oreder" time="19.777" errors="0" timestamp="2026-06-10T15:31:48 IST" skipped="0">
  <testcase classname="testng.C_TestNG_TCs_Execution_By_Alphabatical_Oreder" name="zomato" time="3.653"/>
  <testcase classname="testng.C_TestNG_TCs_Execution_By_Alphabatical_Oreder" name="selenium" time="1.107"/>
  <testcase classname="testng.C_TestNG_TCs_Execution_By_Alphabatical_Oreder" name="swiggy" time="2.161"/>
  <testcase classname="testng.C_TestNG_TCs_Execution_By_Alphabatical_Oreder" name="facebook" time="1.837"/>
  <testcase classname="testng.C_TestNG_TCs_Execution_By_Alphabatical_Oreder" name="google" time="1.408"/>
  <testcase classname="testng.C_TestNG_TCs_Execution_By_Alphabatical_Oreder" name="twitter" time="9.611"/>
</testsuite> <!-- testng.C_TestNG_TCs_Execution_By_Alphabatical_Oreder -->
