<?xml version="1.0" encoding="UTF-8"?>
<!-- Generated by org.testng.reporters.JUnitReportReporter -->
<testsuite hostname="DESKTOP-UFSBQ3O" failures="0" tests="6" name="testng.E_TestNG_TCs_Skip_Ignore_Disabled" time="8.272" errors="0" timestamp="2026-06-04T13:17:59 IST" skipped="2">
  <testcase classname="testng.E_TestNG_TCs_Skip_Ignore_Disabled" name="twitter" time="4.663"/>
  <testcase classname="testng.E_TestNG_TCs_Skip_Ignore_Disabled" name="google" time="1.745"/>
  <testcase classname="testng.E_TestNG_TCs_Skip_Ignore_Disabled" name="swiggy" time="1.571"/>
  <testcase classname="testng.E_TestNG_TCs_Skip_Ignore_Disabled" name="selenium" time="0.293"/>
  <testcase classname="testng.E_TestNG_TCs_Skip_Ignore_Disabled" name="zomato">
    <skipped/>
  </testcase> <!-- zomato -->
  <testcase classname="testng.E_TestNG_TCs_Skip_Ignore_Disabled" name="facebook">
    <skipped/>
  </testcase> <!-- facebook -->
</testsuite> <!-- testng.E_TestNG_TCs_Skip_Ignore_Disabled -->
