<?xml version="1.0" encoding="UTF-8"?>
<!-- Generated by org.testng.reporters.JUnitReportReporter -->
<testsuite hostname="DESKTOP-UFSBQ3O" failures="0" tests="2" name="testng.I_TestNG_TimeOut_Feature" time="12.835" errors="0" timestamp="2026-06-09T12:49:25 IST" skipped="0">
  <testcase classname="testng.I_TestNG_TimeOut_Feature" name="techlearn" time="6.836"/>
  <testcase classname="testng.I_TestNG_TimeOut_Feature" name="baalabharathi" time="5.999"/>
</testsuite> <!-- testng.I_TestNG_TimeOut_Feature -->
